c:\users\nicholas\documents\github\dolphin\source\libdolphin\release\libdolphin.pch
c:\users\nicholas\documents\github\dolphin\source\libdolphin\release\vc120.pdb
c:\users\nicholas\documents\github\dolphin\source\libdolphin\release\stdafx.obj
c:\users\nicholas\documents\github\dolphin\source\libdolphin\release\libdolphin.obj
c:\users\nicholas\documents\github\dolphin\source\libdolphin\release\assemblyinfo.obj
c:\users\nicholas\documents\github\dolphin\source\libdolphin\release\.netframework,version=v4.5.assemblyattributes.obj
c:\users\nicholas\documents\github\dolphin\source\release\libdolphin.lib
c:\users\nicholas\documents\github\dolphin\source\release\libdolphin.dll
c:\users\nicholas\documents\github\dolphin\source\release\libdolphin.pdb
c:\users\nicholas\documents\github\dolphin\source\libdolphin\release\libdolphin.tlog\metagen.write.1.tlog
c:\users\nicholas\documents\github\dolphin\source\libdolphin\release\app.res
c:\users\nicholas\documents\github\dolphin\source\libdolphin\release\libdolphin.vcxprojresolveassemblyreference.cache
c:\users\nicholas\documents\github\dolphin\source\libdolphin\release\libdolphin.tlog\cl.command.1.tlog
c:\users\nicholas\documents\github\dolphin\source\libdolphin\release\libdolphin.tlog\cl.read.1.tlog
c:\users\nicholas\documents\github\dolphin\source\libdolphin\release\libdolphin.tlog\cl.write.1.tlog
c:\users\nicholas\documents\github\dolphin\source\libdolphin\release\libdolphin.tlog\lib-link-cvtres.read.1.tlog
c:\users\nicholas\documents\github\dolphin\source\libdolphin\release\libdolphin.tlog\lib-link-cvtres.write.1.tlog
c:\users\nicholas\documents\github\dolphin\source\libdolphin\release\libdolphin.tlog\lib.command.1.tlog
c:\users\nicholas\documents\github\dolphin\source\libdolphin\release\libdolphin.tlog\link.command.1.tlog
c:\users\nicholas\documents\github\dolphin\source\libdolphin\release\libdolphin.tlog\link.read.1.tlog
c:\users\nicholas\documents\github\dolphin\source\libdolphin\release\libdolphin.tlog\link.write.1.tlog
c:\users\nicholas\documents\github\dolphin\source\libdolphin\release\libdolphin.tlog\metagen.read.1.tlog
c:\users\nicholas\documents\github\dolphin\source\libdolphin\release\libdolphin.tlog\rc.command.1.tlog
c:\users\nicholas\documents\github\dolphin\source\libdolphin\release\libdolphin.tlog\rc.read.1.tlog
c:\users\nicholas\documents\github\dolphin\source\libdolphin\release\libdolphin.tlog\rc.write.1.tlog
c:\users\nicholas\documents\github\dolphin\source\libdolphin\release\libdolphin.tlog\system.data.dll.metagen
c:\users\nicholas\documents\github\dolphin\source\libdolphin\release\libdolphin.tlog\system.dll.metagen
c:\users\nicholas\documents\github\dolphin\source\libdolphin\release\libdolphin.tlog\system.xml.dll.metagen
c:\users\nicholas\documents\github\dolphin\source\libdolphin\release\libdolphin.tlog\tzres.dll.bi
