  Building Custom Rule C:/Users/skyle/OneDrive/Desktop/lobsterZeldaDolphin/Plugins/Lua/Source/CMakeLists.txt
  LuaScriptContext.cpp
  CreateScript.cpp
  DolphinDefinedAPIs.cpp
  Generating Code...
     Creating library C:/Users/skyle/OneDrive/Desktop/lobsterZeldaDolphin/Plugins/Lua/Source/Release/LUA.lib and object C:/Users/skyle/OneDrive/Desktop/lobsterZeldaDolphin/Plugins/Lua/Source/Release/LUA.exp
CreateScript.obj : error LNK2019: unresolved external symbol "void __cdecl StartScript_impl(void *)" (?StartScript_impl@@YAXPEAX@Z) referenced in function CreateNewScript
CreateScript.obj : error LNK2019: unresolved external symbol "void __cdecl StopScript_impl(void *)" (?StopScript_impl@@YAXPEAX@Z) referenced in function CreateNewScript
CreateScript.obj : error LNK2019: unresolved external symbol "void __cdecl RunGlobalScopeCode_impl(void *)" (?RunGlobalScopeCode_impl@@YAXPEAX@Z) referenced in function CreateNewScript
CreateScript.obj : error LNK2019: unresolved external symbol "void __cdecl RunOnFrameStartCallbacks_impl(void *)" (?RunOnFrameStartCallbacks_impl@@YAXPEAX@Z) referenced in function CreateNewScript
CreateScript.obj : error LNK2019: unresolved external symbol "void __cdecl RunOnGCControllerPolledCallbacks_impl(void *)" (?RunOnGCControllerPolledCallbacks_impl@@YAXPEAX@Z) referenced in function CreateNewScript
CreateScript.obj : error LNK2019: unresolved external symbol "void __cdecl RunOnInstructionReachedCallbacks_impl(void *,unsigned int)" (?RunOnInstructionReachedCallbacks_impl@@YAXPEAXI@Z) referenced in function CreateNewScript
CreateScript.obj : error LNK2019: unresolved external symbol "void __cdecl RunOnMemoryAddressReadFromCallbacks_impl(void *,unsigned int)" (?RunOnMemoryAddressReadFromCallbacks_impl@@YAXPEAXI@Z) referenced in function CreateNewScript
CreateScript.obj : error LNK2019: unresolved external symbol "void __cdecl RunOnMemoryAddressWrittenToCallbacks_impl(void *,unsigned int)" (?RunOnMemoryAddressWrittenToCallbacks_impl@@YAXPEAXI@Z) referenced in function CreateNewScript
CreateScript.obj : error LNK2019: unresolved external symbol "void __cdecl RunOnWiiInputPolledCallbacks_impl(void *)" (?RunOnWiiInputPolledCallbacks_impl@@YAXPEAX@Z) referenced in function CreateNewScript
CreateScript.obj : error LNK2019: unresolved external symbol "void * __cdecl RegisterOnFrameStartCallback_impl(void *,void *)" (?RegisterOnFrameStartCallback_impl@@YAPEAXPEAX0@Z) referenced in function CreateNewScript
CreateScript.obj : error LNK2019: unresolved external symbol "void __cdecl RegisterOnFrameStartWithAutoDeregistrationCallback_impl(void *,void *)" (?RegisterOnFrameStartWithAutoDeregistrationCallback_impl@@YAXPEAX0@Z) referenced in function CreateNewScript
CreateScript.obj : error LNK2019: unresolved external symbol "int __cdecl UnregisterOnFrameStartCallback_impl(void *,void *)" (?UnregisterOnFrameStartCallback_impl@@YAHPEAX0@Z) referenced in function CreateNewScript
CreateScript.obj : error LNK2019: unresolved external symbol "void * __cdecl RegisterOnGCControllerPolledCallback_impl(void *,void *)" (?RegisterOnGCControllerPolledCallback_impl@@YAPEAXPEAX0@Z) referenced in function CreateNewScript
CreateScript.obj : error LNK2019: unresolved external symbol "void __cdecl RegisterOnGCControllerPolledWithAutoDeregistrationCallback_impl(void *,void *)" (?RegisterOnGCControllerPolledWithAutoDeregistrationCallback_impl@@YAXPEAX0@Z) referenced in function CreateNewScript
CreateScript.obj : error LNK2019: unresolved external symbol "int __cdecl UnregisterOnGCControllerPolledCallback_impl(void *,void *)" (?UnregisterOnGCControllerPolledCallback_impl@@YAHPEAX0@Z) referenced in function CreateNewScript
CreateScript.obj : error LNK2019: unresolved external symbol "void * __cdecl RegisterOnInstructionReachedCallback_impl(void *,unsigned int,void *)" (?RegisterOnInstructionReachedCallback_impl@@YAPEAXPEAXI0@Z) referenced in function CreateNewScript
CreateScript.obj : error LNK2019: unresolved external symbol "void __cdecl RegisterOnInstructioReachedWithAutoDeregistrationCallback_impl(void *,unsigned int,void *)" (?RegisterOnInstructioReachedWithAutoDeregistrationCallback_impl@@YAXPEAXI0@Z) referenced in function CreateNewScript
CreateScript.obj : error LNK2019: unresolved external symbol "int __cdecl UnregisterOnInstructionReachedCallback_impl(void *,unsigned int,void *)" (?UnregisterOnInstructionReachedCallback_impl@@YAHPEAXI0@Z) referenced in function CreateNewScript
CreateScript.obj : error LNK2019: unresolved external symbol "void * __cdecl RegisterOnMemoryAddressReadFromCallback_impl(void *,unsigned int,void *)" (?RegisterOnMemoryAddressReadFromCallback_impl@@YAPEAXPEAXI0@Z) referenced in function CreateNewScript
CreateScript.obj : error LNK2019: unresolved external symbol "void __cdecl RegisterOnMemoryAddressReadFromWithAutoDeregistrationCallback_impl(void *,unsigned int,void *)" (?RegisterOnMemoryAddressReadFromWithAutoDeregistrationCallback_impl@@YAXPEAXI0@Z) referenced in function CreateNewScript
CreateScript.obj : error LNK2019: unresolved external symbol "int __cdecl UnregisterOnMemoryAddressReadFromCallback_impl(void *,unsigned int,void *)" (?UnregisterOnMemoryAddressReadFromCallback_impl@@YAHPEAXI0@Z) referenced in function CreateNewScript
CreateScript.obj : error LNK2019: unresolved external symbol "void * __cdecl RegisterOnMemoryAddressWrittenToCallback_impl(void *,unsigned int,void *)" (?RegisterOnMemoryAddressWrittenToCallback_impl@@YAPEAXPEAXI0@Z) referenced in function CreateNewScript
CreateScript.obj : error LNK2019: unresolved external symbol "void __cdecl RegisterOnMemoryAddressWrittenToWithAutoDeregistrationCallback_impl(void *,unsigned int,void *)" (?RegisterOnMemoryAddressWrittenToWithAutoDeregistrationCallback_impl@@YAXPEAXI0@Z) referenced in function CreateNewScript
CreateScript.obj : error LNK2019: unresolved external symbol "int __cdecl UnregisterOnMemoryAddressWrittenToCallback_impl(void *,unsigned int,void *)" (?UnregisterOnMemoryAddressWrittenToCallback_impl@@YAHPEAXI0@Z) referenced in function CreateNewScript
CreateScript.obj : error LNK2019: unresolved external symbol "void * __cdecl RegisterOnWiiInputPolledCallback_impl(void *,void *)" (?RegisterOnWiiInputPolledCallback_impl@@YAPEAXPEAX0@Z) referenced in function CreateNewScript
CreateScript.obj : error LNK2019: unresolved external symbol "void __cdecl RegisterOnWiiInputPolledWithAutoDeregistrationCallback_impl(void *,void *)" (?RegisterOnWiiInputPolledWithAutoDeregistrationCallback_impl@@YAXPEAX0@Z) referenced in function CreateNewScript
CreateScript.obj : error LNK2019: unresolved external symbol "int __cdecl UnregisterOnWiiInputPolledCallback_impl(void *,void *)" (?UnregisterOnWiiInputPolledCallback_impl@@YAHPEAX0@Z) referenced in function CreateNewScript
CreateScript.obj : error LNK2019: unresolved external symbol "void __cdecl RegisterButtonCallback_impl(void *,__int64,void *)" (?RegisterButtonCallback_impl@@YAXPEAX_J0@Z) referenced in function CreateNewScript
CreateScript.obj : error LNK2019: unresolved external symbol "int __cdecl IsButtonRegistered_impl(void *,__int64)" (?IsButtonRegistered_impl@@YAHPEAX_J@Z) referenced in function CreateNewScript
CreateScript.obj : error LNK2019: unresolved external symbol "void __cdecl GetButtonCallbackAndAddToQueue_impl(void *,__int64)" (?GetButtonCallbackAndAddToQueue_impl@@YAXPEAX_J@Z) referenced in function CreateNewScript
CreateScript.obj : error LNK2019: unresolved external symbol "void __cdecl RunButtonCallbacksInQueue_impl(void *)" (?RunButtonCallbacksInQueue_impl@@YAXPEAX@Z) referenced in function CreateNewScript
C:\Users\skyle\OneDrive\Desktop\lobsterZeldaDolphin\Plugins\Lua\Source\Release\LUA.dll : fatal error LNK1120: 31 unresolved externals
