c:\users\skyle\onedrive\desktop\lobsterzeldadolphin\plugins\lua\source\luaexternals\luaexternals.dir\release\lopcodes.obj
c:\users\skyle\onedrive\desktop\lobsterzeldadolphin\plugins\lua\source\luaexternals\luaexternals.dir\release\lobject.obj
c:\users\skyle\onedrive\desktop\lobsterzeldadolphin\plugins\lua\source\luaexternals\luaexternals.dir\release\loadlib.obj
c:\users\skyle\onedrive\desktop\lobsterzeldadolphin\plugins\lua\source\luaexternals\luaexternals.dir\release\lmem.obj
c:\users\skyle\onedrive\desktop\lobsterzeldadolphin\plugins\lua\source\luaexternals\luaexternals.dir\release\lmathlib.obj
c:\users\skyle\onedrive\desktop\lobsterzeldadolphin\plugins\lua\source\luaexternals\luaexternals.dir\release\llex.obj
c:\users\skyle\onedrive\desktop\lobsterzeldadolphin\plugins\lua\source\luaexternals\luaexternals.dir\release\liolib.obj
c:\users\skyle\onedrive\desktop\lobsterzeldadolphin\plugins\lua\source\luaexternals\luaexternals.dir\release\linit.obj
c:\users\skyle\onedrive\desktop\lobsterzeldadolphin\plugins\lua\source\luaexternals\luaexternals.dir\release\lgc.obj
c:\users\skyle\onedrive\desktop\lobsterzeldadolphin\plugins\lua\source\luaexternals\luaexternals.dir\release\lfunc.obj
c:\users\skyle\onedrive\desktop\lobsterzeldadolphin\plugins\lua\source\luaexternals\luaexternals.dir\release\ldump.obj
c:\users\skyle\onedrive\desktop\lobsterzeldadolphin\plugins\lua\source\luaexternals\luaexternals.dir\release\ldo.obj
c:\users\skyle\onedrive\desktop\lobsterzeldadolphin\plugins\lua\source\luaexternals\luaexternals.dir\release\ldebug.obj
c:\users\skyle\onedrive\desktop\lobsterzeldadolphin\plugins\lua\source\luaexternals\luaexternals.dir\release\ldblib.obj
c:\users\skyle\onedrive\desktop\lobsterzeldadolphin\plugins\lua\source\luaexternals\luaexternals.dir\release\lctype.obj
c:\users\skyle\onedrive\desktop\lobsterzeldadolphin\plugins\lua\source\luaexternals\luaexternals.dir\release\lcorolib.obj
c:\users\skyle\onedrive\desktop\lobsterzeldadolphin\plugins\lua\source\luaexternals\luaexternals.dir\release\lcode.obj
c:\users\skyle\onedrive\desktop\lobsterzeldadolphin\plugins\lua\source\luaexternals\luaexternals.dir\release\lbaselib.obj
c:\users\skyle\onedrive\desktop\lobsterzeldadolphin\plugins\lua\source\luaexternals\luaexternals.dir\release\lauxlib.obj
c:\users\skyle\onedrive\desktop\lobsterzeldadolphin\plugins\lua\source\luaexternals\luaexternals.dir\release\lapi.obj
c:\users\skyle\onedrive\desktop\lobsterzeldadolphin\plugins\lua\source\luaexternals\luaexternals.dir\release\lzio.obj
c:\users\skyle\onedrive\desktop\lobsterzeldadolphin\plugins\lua\source\luaexternals\luaexternals.dir\release\lvm.obj
c:\users\skyle\onedrive\desktop\lobsterzeldadolphin\plugins\lua\source\luaexternals\luaexternals.dir\release\lutf8lib.obj
c:\users\skyle\onedrive\desktop\lobsterzeldadolphin\plugins\lua\source\luaexternals\luaexternals.dir\release\lundump.obj
c:\users\skyle\onedrive\desktop\lobsterzeldadolphin\plugins\lua\source\luaexternals\luaexternals.dir\release\lua.obj
c:\users\skyle\onedrive\desktop\lobsterzeldadolphin\plugins\lua\source\luaexternals\luaexternals.dir\release\ltm.obj
c:\users\skyle\onedrive\desktop\lobsterzeldadolphin\plugins\lua\source\luaexternals\luaexternals.dir\release\ltests.obj
c:\users\skyle\onedrive\desktop\lobsterzeldadolphin\plugins\lua\source\luaexternals\luaexternals.dir\release\ltablib.obj
c:\users\skyle\onedrive\desktop\lobsterzeldadolphin\plugins\lua\source\luaexternals\luaexternals.dir\release\ltable.obj
c:\users\skyle\onedrive\desktop\lobsterzeldadolphin\plugins\lua\source\luaexternals\luaexternals.dir\release\lstrlib.obj
c:\users\skyle\onedrive\desktop\lobsterzeldadolphin\plugins\lua\source\luaexternals\luaexternals.dir\release\lstring.obj
c:\users\skyle\onedrive\desktop\lobsterzeldadolphin\plugins\lua\source\luaexternals\luaexternals.dir\release\lstate.obj
c:\users\skyle\onedrive\desktop\lobsterzeldadolphin\plugins\lua\source\luaexternals\luaexternals.dir\release\lparser.obj
c:\users\skyle\onedrive\desktop\lobsterzeldadolphin\plugins\lua\source\luaexternals\luaexternals.dir\release\loslib.obj
c:\users\skyle\onedrive\desktop\lobsterzeldadolphin\plugins\lua\source\luaexternals\cmakefiles\generate.stamp
c:\users\skyle\onedrive\desktop\lobsterzeldadolphin\plugins\lua\source\luaexternals\release\luaexternals.lib
c:\users\skyle\onedrive\desktop\lobsterzeldadolphin\plugins\lua\source\luaexternals\luaexternals.dir\release\luaexternals.tlog\cl.command.1.tlog
c:\users\skyle\onedrive\desktop\lobsterzeldadolphin\plugins\lua\source\luaexternals\luaexternals.dir\release\luaexternals.tlog\cl.items.tlog
c:\users\skyle\onedrive\desktop\lobsterzeldadolphin\plugins\lua\source\luaexternals\luaexternals.dir\release\luaexternals.tlog\cl.read.1.tlog
c:\users\skyle\onedrive\desktop\lobsterzeldadolphin\plugins\lua\source\luaexternals\luaexternals.dir\release\luaexternals.tlog\cl.write.1.tlog
c:\users\skyle\onedrive\desktop\lobsterzeldadolphin\plugins\lua\source\luaexternals\luaexternals.dir\release\luaexternals.tlog\custombuild.command.1.tlog
c:\users\skyle\onedrive\desktop\lobsterzeldadolphin\plugins\lua\source\luaexternals\luaexternals.dir\release\luaexternals.tlog\custombuild.read.1.tlog
c:\users\skyle\onedrive\desktop\lobsterzeldadolphin\plugins\lua\source\luaexternals\luaexternals.dir\release\luaexternals.tlog\custombuild.write.1.tlog
c:\users\skyle\onedrive\desktop\lobsterzeldadolphin\plugins\lua\source\luaexternals\luaexternals.dir\release\luaexternals.tlog\lib-link.read.1.tlog
c:\users\skyle\onedrive\desktop\lobsterzeldadolphin\plugins\lua\source\luaexternals\luaexternals.dir\release\luaexternals.tlog\lib-link.write.1.tlog
c:\users\skyle\onedrive\desktop\lobsterzeldadolphin\plugins\lua\source\luaexternals\luaexternals.dir\release\luaexternals.tlog\lib.command.1.tlog
