  Building Custom Rule C:/Users/skyle/OneDrive/Desktop/lobsterZeldaDolphin/Plugins/Lua/Source/LuaExternals/CMakeLists.txt
  lapi.c
  lauxlib.c
  lbaselib.c
  lcode.c
  lcorolib.c
  lctype.c
  ldblib.c
  ldebug.c
  ldo.c
  ldump.c
  lfunc.c
  lgc.c
  linit.c
  liolib.c
  llex.c
  lmathlib.c
  lmem.c
  loadlib.c
  lobject.c
  lopcodes.c
  Generating Code...
  Compiling...
  loslib.c
  lparser.c
  lstate.c
  lstring.c
  lstrlib.c
  ltable.c
  ltablib.c
  ltests.c
  ltm.c
  lua.c
  lundump.c
  lutf8lib.c
  lvm.c
  lzio.c
  Generating Code...
  LuaExternals.vcxproj -> C:\Users\skyle\OneDrive\Desktop\lobsterZeldaDolphin\Plugins\Lua\Source\LuaExternals\Debug\LuaExternals.lib
